\BOOKMARK [0][-]{chapter.1}{\376\377\0001\000\040\000M\000a\000i\000n\000\040\000P\000a\000g\000e}{}% 1
\BOOKMARK [0][-]{chapter.2}{\376\377\0002\000\040\000D\000e\000p\000r\000e\000c\000a\000t\000e\000d\000\040\000L\000i\000s\000t}{}% 2
\BOOKMARK [0][-]{chapter.3}{\376\377\0003\000\040\000N\000a\000m\000e\000s\000p\000a\000c\000e\000\040\000I\000n\000d\000e\000x}{}% 3
\BOOKMARK [1][-]{section.3.1}{\376\377\0003\000.\0001\000\040\000N\000a\000m\000e\000s\000p\000a\000c\000e\000\040\000L\000i\000s\000t}{chapter.3}% 4
\BOOKMARK [0][-]{chapter.4}{\376\377\0004\000\040\000C\000l\000a\000s\000s\000\040\000I\000n\000d\000e\000x}{}% 5
\BOOKMARK [1][-]{section.4.1}{\376\377\0004\000.\0001\000\040\000C\000l\000a\000s\000s\000\040\000L\000i\000s\000t}{chapter.4}% 6
\BOOKMARK [0][-]{chapter.5}{\376\377\0005\000\040\000F\000i\000l\000e\000\040\000I\000n\000d\000e\000x}{}% 7
\BOOKMARK [1][-]{section.5.1}{\376\377\0005\000.\0001\000\040\000F\000i\000l\000e\000\040\000L\000i\000s\000t}{chapter.5}% 8
\BOOKMARK [0][-]{chapter.6}{\376\377\0006\000\040\000N\000a\000m\000e\000s\000p\000a\000c\000e\000\040\000D\000o\000c\000u\000m\000e\000n\000t\000a\000t\000i\000o\000n}{}% 9
\BOOKMARK [1][-]{section.6.1}{\376\377\0006\000.\0001\000\040\000C\000S\000C\000I\0004\0004\0001\000\040\000N\000a\000m\000e\000s\000p\000a\000c\000e\000\040\000R\000e\000f\000e\000r\000e\000n\000c\000e}{chapter.6}% 10
\BOOKMARK [2][-]{subsection.6.1.1}{\376\377\0006\000.\0001\000.\0001\000\040\000D\000e\000t\000a\000i\000l\000e\000d\000\040\000D\000e\000s\000c\000r\000i\000p\000t\000i\000o\000n}{section.6.1}% 11
\BOOKMARK [2][-]{subsection.6.1.2}{\376\377\0006\000.\0001\000.\0002\000\040\000F\000u\000n\000c\000t\000i\000o\000n\000\040\000D\000o\000c\000u\000m\000e\000n\000t\000a\000t\000i\000o\000n}{section.6.1}% 12
\BOOKMARK [3][-]{subsubsection.6.1.2.1}{\376\377\0006\000.\0001\000.\0002\000.\0001\000\040\000D\000E\000P\000R\000E\000C\000A\000T\000E\000D\000\050\000\051\000\040\000[\0001\000/\0002\000]}{subsection.6.1.2}% 13
\BOOKMARK [3][-]{subsubsection.6.1.2.2}{\376\377\0006\000.\0001\000.\0002\000.\0002\000\040\000D\000E\000P\000R\000E\000C\000A\000T\000E\000D\000\050\000\051\000\040\000[\0002\000/\0002\000]}{subsection.6.1.2}% 14
\BOOKMARK [3][-]{subsubsection.6.1.2.3}{\376\377\0006\000.\0001\000.\0002\000.\0003\000\040\000d\000r\000a\000w\000S\000o\000l\000i\000d\000C\000o\000n\000e\000\050\000\051}{subsection.6.1.2}% 15
\BOOKMARK [3][-]{subsubsection.6.1.2.4}{\376\377\0006\000.\0001\000.\0002\000.\0004\000\040\000d\000r\000a\000w\000S\000o\000l\000i\000d\000C\000u\000b\000e\000\050\000\051}{subsection.6.1.2}% 16
\BOOKMARK [3][-]{subsubsection.6.1.2.5}{\376\377\0006\000.\0001\000.\0002\000.\0005\000\040\000d\000r\000a\000w\000S\000o\000l\000i\000d\000C\000y\000l\000i\000n\000d\000e\000r\000\050\000\051}{subsection.6.1.2}% 17
\BOOKMARK [3][-]{subsubsection.6.1.2.6}{\376\377\0006\000.\0001\000.\0002\000.\0006\000\040\000d\000r\000a\000w\000S\000o\000l\000i\000d\000D\000i\000s\000k\000\050\000\051}{subsection.6.1.2}% 18
\BOOKMARK [3][-]{subsubsection.6.1.2.7}{\376\377\0006\000.\0001\000.\0002\000.\0007\000\040\000d\000r\000a\000w\000S\000o\000l\000i\000d\000P\000a\000r\000t\000i\000a\000l\000D\000i\000s\000k\000\050\000\051}{subsection.6.1.2}% 19
\BOOKMARK [3][-]{subsubsection.6.1.2.8}{\376\377\0006\000.\0001\000.\0002\000.\0008\000\040\000d\000r\000a\000w\000S\000o\000l\000i\000d\000S\000p\000h\000e\000r\000e\000\050\000\051}{subsection.6.1.2}% 20
\BOOKMARK [3][-]{subsubsection.6.1.2.9}{\376\377\0006\000.\0001\000.\0002\000.\0009\000\040\000d\000r\000a\000w\000S\000o\000l\000i\000d\000T\000e\000a\000p\000o\000t\000\050\000\051}{subsection.6.1.2}% 21
\BOOKMARK [3][-]{subsubsection.6.1.2.10}{\376\377\0006\000.\0001\000.\0002\000.\0001\0000\000\040\000d\000r\000a\000w\000S\000o\000l\000i\000d\000T\000o\000r\000u\000s\000\050\000\051}{subsection.6.1.2}% 22
\BOOKMARK [3][-]{subsubsection.6.1.2.11}{\376\377\0006\000.\0001\000.\0002\000.\0001\0001\000\040\000d\000r\000a\000w\000W\000i\000r\000e\000C\000o\000n\000e\000\050\000\051}{subsection.6.1.2}% 23
\BOOKMARK [3][-]{subsubsection.6.1.2.12}{\376\377\0006\000.\0001\000.\0002\000.\0001\0002\000\040\000d\000r\000a\000w\000W\000i\000r\000e\000C\000u\000b\000e\000\050\000\051}{subsection.6.1.2}% 24
\BOOKMARK [3][-]{subsubsection.6.1.2.13}{\376\377\0006\000.\0001\000.\0002\000.\0001\0003\000\040\000d\000r\000a\000w\000W\000i\000r\000e\000C\000y\000l\000i\000n\000d\000e\000r\000\050\000\051}{subsection.6.1.2}% 25
\BOOKMARK [3][-]{subsubsection.6.1.2.14}{\376\377\0006\000.\0001\000.\0002\000.\0001\0004\000\040\000d\000r\000a\000w\000W\000i\000r\000e\000D\000i\000s\000k\000\050\000\051}{subsection.6.1.2}% 26
\BOOKMARK [3][-]{subsubsection.6.1.2.15}{\376\377\0006\000.\0001\000.\0002\000.\0001\0005\000\040\000d\000r\000a\000w\000W\000i\000r\000e\000P\000a\000r\000t\000i\000a\000l\000D\000i\000s\000k\000\050\000\051}{subsection.6.1.2}% 27
\BOOKMARK [3][-]{subsubsection.6.1.2.16}{\376\377\0006\000.\0001\000.\0002\000.\0001\0006\000\040\000d\000r\000a\000w\000W\000i\000r\000e\000S\000p\000h\000e\000r\000e\000\050\000\051}{subsection.6.1.2}% 28
\BOOKMARK [3][-]{subsubsection.6.1.2.17}{\376\377\0006\000.\0001\000.\0002\000.\0001\0007\000\040\000d\000r\000a\000w\000W\000i\000r\000e\000T\000e\000a\000p\000o\000t\000\050\000\051}{subsection.6.1.2}% 29
\BOOKMARK [3][-]{subsubsection.6.1.2.18}{\376\377\0006\000.\0001\000.\0002\000.\0001\0008\000\040\000d\000r\000a\000w\000W\000i\000r\000e\000T\000o\000r\000u\000s\000\050\000\051}{subsection.6.1.2}% 30
\BOOKMARK [3][-]{subsubsection.6.1.2.19}{\376\377\0006\000.\0001\000.\0002\000.\0001\0009\000\040\000p\000o\000p\000M\000a\000t\000r\000i\000x\000\050\000\051}{subsection.6.1.2}% 31
\BOOKMARK [3][-]{subsubsection.6.1.2.20}{\376\377\0006\000.\0001\000.\0002\000.\0002\0000\000\040\000p\000u\000s\000h\000M\000a\000t\000r\000i\000x\000\050\000\051}{subsection.6.1.2}% 32
\BOOKMARK [3][-]{subsubsection.6.1.2.21}{\376\377\0006\000.\0001\000.\0002\000.\0002\0001\000\040\000s\000e\000t\000M\000a\000t\000e\000r\000i\000a\000l\000\050\000\051}{subsection.6.1.2}% 33
\BOOKMARK [3][-]{subsubsection.6.1.2.22}{\376\377\0006\000.\0001\000.\0002\000.\0002\0002\000\040\000s\000e\000t\000V\000e\000r\000t\000e\000x\000A\000t\000t\000r\000i\000b\000u\000t\000e\000L\000o\000c\000a\000t\000i\000o\000n\000s\000\050\000\051}{subsection.6.1.2}% 34
\BOOKMARK [1][-]{section.6.2}{\376\377\0006\000.\0002\000\040\000F\000r\000a\000m\000e\000b\000u\000f\000f\000e\000r\000U\000t\000i\000l\000s\000\040\000N\000a\000m\000e\000s\000p\000a\000c\000e\000\040\000R\000e\000f\000e\000r\000e\000n\000c\000e}{chapter.6}% 35
\BOOKMARK [2][-]{subsection.6.2.1}{\376\377\0006\000.\0002\000.\0001\000\040\000D\000e\000t\000a\000i\000l\000e\000d\000\040\000D\000e\000s\000c\000r\000i\000p\000t\000i\000o\000n}{section.6.2}% 36
\BOOKMARK [1][-]{section.6.3}{\376\377\0006\000.\0003\000\040\000O\000p\000e\000n\000G\000L\000U\000t\000i\000l\000s\000\040\000N\000a\000m\000e\000s\000p\000a\000c\000e\000\040\000R\000e\000f\000e\000r\000e\000n\000c\000e}{chapter.6}% 37
\BOOKMARK [2][-]{subsection.6.3.1}{\376\377\0006\000.\0003\000.\0001\000\040\000D\000e\000t\000a\000i\000l\000e\000d\000\040\000D\000e\000s\000c\000r\000i\000p\000t\000i\000o\000n}{section.6.3}% 38
\BOOKMARK [1][-]{section.6.4}{\376\377\0006\000.\0004\000\040\000T\000e\000x\000t\000u\000r\000e\000U\000t\000i\000l\000s\000\040\000N\000a\000m\000e\000s\000p\000a\000c\000e\000\040\000R\000e\000f\000e\000r\000e\000n\000c\000e}{chapter.6}% 39
\BOOKMARK [2][-]{subsection.6.4.1}{\376\377\0006\000.\0004\000.\0001\000\040\000D\000e\000t\000a\000i\000l\000e\000d\000\040\000D\000e\000s\000c\000r\000i\000p\000t\000i\000o\000n}{section.6.4}% 40
\BOOKMARK [0][-]{chapter.7}{\376\377\0007\000\040\000C\000l\000a\000s\000s\000\040\000D\000o\000c\000u\000m\000e\000n\000t\000a\000t\000i\000o\000n}{}% 41
\BOOKMARK [1][-]{section.7.1}{\376\377\0007\000.\0001\000\040\000C\000S\000C\000I\0004\0004\0001\000:\000:\000M\000o\000d\000e\000l\000L\000o\000a\000d\000e\000r\000\040\000C\000l\000a\000s\000s\000\040\000R\000e\000f\000e\000r\000e\000n\000c\000e}{chapter.7}% 42
\BOOKMARK [2][-]{subsection.7.1.1}{\376\377\0007\000.\0001\000.\0001\000\040\000D\000e\000t\000a\000i\000l\000e\000d\000\040\000D\000e\000s\000c\000r\000i\000p\000t\000i\000o\000n}{section.7.1}% 43
\BOOKMARK [2][-]{subsection.7.1.2}{\376\377\0007\000.\0001\000.\0002\000\040\000C\000o\000n\000s\000t\000r\000u\000c\000t\000o\000r\000\040\000\046\000\040\000D\000e\000s\000t\000r\000u\000c\000t\000o\000r\000\040\000D\000o\000c\000u\000m\000e\000n\000t\000a\000t\000i\000o\000n}{section.7.1}% 44
\BOOKMARK [3][-]{subsubsection.7.1.2.1}{\376\377\0007\000.\0001\000.\0002\000.\0001\000\040\000M\000o\000d\000e\000l\000L\000o\000a\000d\000e\000r\000\050\000\051}{subsection.7.1.2}% 45
\BOOKMARK [2][-]{subsection.7.1.3}{\376\377\0007\000.\0001\000.\0003\000\040\000M\000e\000m\000b\000e\000r\000\040\000F\000u\000n\000c\000t\000i\000o\000n\000\040\000D\000o\000c\000u\000m\000e\000n\000t\000a\000t\000i\000o\000n}{section.7.1}% 46
\BOOKMARK [3][-]{subsubsection.7.1.3.1}{\376\377\0007\000.\0001\000.\0003\000.\0001\000\040\000d\000i\000s\000a\000b\000l\000e\000A\000u\000t\000o\000G\000e\000n\000e\000r\000a\000t\000e\000N\000o\000r\000m\000a\000l\000s\000\050\000\051}{subsection.7.1.3}% 47
\BOOKMARK [3][-]{subsubsection.7.1.3.2}{\376\377\0007\000.\0001\000.\0003\000.\0002\000\040\000d\000r\000a\000w\000\050\000\051}{subsection.7.1.3}% 48
\BOOKMARK [3][-]{subsubsection.7.1.3.3}{\376\377\0007\000.\0001\000.\0003\000.\0003\000\040\000e\000n\000a\000b\000l\000e\000A\000u\000t\000o\000G\000e\000n\000e\000r\000a\000t\000e\000N\000o\000r\000m\000a\000l\000s\000\050\000\051}{subsection.7.1.3}% 49
\BOOKMARK [3][-]{subsubsection.7.1.3.4}{\376\377\0007\000.\0001\000.\0003\000.\0004\000\040\000l\000o\000a\000d\000M\000o\000d\000e\000l\000F\000i\000l\000e\000\050\000\051}{subsection.7.1.3}% 50
\BOOKMARK [1][-]{section.7.2}{\376\377\0007\000.\0002\000\040\000C\000S\000C\000I\0004\0004\0001\000:\000:\000S\000h\000a\000d\000e\000r\000P\000r\000o\000g\000r\000a\000m\000\040\000C\000l\000a\000s\000s\000\040\000R\000e\000f\000e\000r\000e\000n\000c\000e}{chapter.7}% 51
\BOOKMARK [2][-]{subsection.7.2.1}{\376\377\0007\000.\0002\000.\0001\000\040\000D\000e\000t\000a\000i\000l\000e\000d\000\040\000D\000e\000s\000c\000r\000i\000p\000t\000i\000o\000n}{section.7.2}% 52
\BOOKMARK [2][-]{subsection.7.2.2}{\376\377\0007\000.\0002\000.\0002\000\040\000C\000o\000n\000s\000t\000r\000u\000c\000t\000o\000r\000\040\000\046\000\040\000D\000e\000s\000t\000r\000u\000c\000t\000o\000r\000\040\000D\000o\000c\000u\000m\000e\000n\000t\000a\000t\000i\000o\000n}{section.7.2}% 53
\BOOKMARK [3][-]{subsubsection.7.2.2.1}{\376\377\0007\000.\0002\000.\0002\000.\0001\000\040\000S\000h\000a\000d\000e\000r\000P\000r\000o\000g\000r\000a\000m\000\050\000\051\000\040\000[\0001\000/\0004\000]}{subsection.7.2.2}% 54
\BOOKMARK [3][-]{subsubsection.7.2.2.2}{\376\377\0007\000.\0002\000.\0002\000.\0002\000\040\000S\000h\000a\000d\000e\000r\000P\000r\000o\000g\000r\000a\000m\000\050\000\051\000\040\000[\0002\000/\0004\000]}{subsection.7.2.2}% 55
\BOOKMARK [3][-]{subsubsection.7.2.2.3}{\376\377\0007\000.\0002\000.\0002\000.\0003\000\040\000S\000h\000a\000d\000e\000r\000P\000r\000o\000g\000r\000a\000m\000\050\000\051\000\040\000[\0003\000/\0004\000]}{subsection.7.2.2}% 56
\BOOKMARK [3][-]{subsubsection.7.2.2.4}{\376\377\0007\000.\0002\000.\0002\000.\0004\000\040\000S\000h\000a\000d\000e\000r\000P\000r\000o\000g\000r\000a\000m\000\050\000\051\000\040\000[\0004\000/\0004\000]}{subsection.7.2.2}% 57
\BOOKMARK [2][-]{subsection.7.2.3}{\376\377\0007\000.\0002\000.\0003\000\040\000M\000e\000m\000b\000e\000r\000\040\000F\000u\000n\000c\000t\000i\000o\000n\000\040\000D\000o\000c\000u\000m\000e\000n\000t\000a\000t\000i\000o\000n}{section.7.2}% 58
\BOOKMARK [3][-]{subsubsection.7.2.3.1}{\376\377\0007\000.\0002\000.\0003\000.\0001\000\040\000d\000i\000s\000a\000b\000l\000e\000D\000e\000b\000u\000g\000M\000e\000s\000s\000a\000g\000e\000s\000\050\000\051}{subsection.7.2.3}% 59
\BOOKMARK [3][-]{subsubsection.7.2.3.2}{\376\377\0007\000.\0002\000.\0003\000.\0002\000\040\000e\000n\000a\000b\000l\000e\000D\000e\000b\000u\000g\000M\000e\000s\000s\000a\000g\000e\000s\000\050\000\051}{subsection.7.2.3}% 60
\BOOKMARK [3][-]{subsubsection.7.2.3.3}{\376\377\0007\000.\0002\000.\0003\000.\0003\000\040\000g\000e\000t\000A\000t\000t\000r\000i\000b\000u\000t\000e\000L\000o\000c\000a\000t\000i\000o\000n\000\050\000\051}{subsection.7.2.3}% 61
\BOOKMARK [3][-]{subsubsection.7.2.3.4}{\376\377\0007\000.\0002\000.\0003\000.\0004\000\040\000g\000e\000t\000N\000u\000m\000A\000t\000t\000r\000i\000b\000u\000t\000e\000s\000\050\000\051}{subsection.7.2.3}% 62
\BOOKMARK [3][-]{subsubsection.7.2.3.5}{\376\377\0007\000.\0002\000.\0003\000.\0005\000\040\000g\000e\000t\000N\000u\000m\000U\000n\000i\000f\000o\000r\000m\000B\000l\000o\000c\000k\000s\000\050\000\051}{subsection.7.2.3}% 63
\BOOKMARK [3][-]{subsubsection.7.2.3.6}{\376\377\0007\000.\0002\000.\0003\000.\0006\000\040\000g\000e\000t\000N\000u\000m\000U\000n\000i\000f\000o\000r\000m\000s\000\050\000\051}{subsection.7.2.3}% 64
\BOOKMARK [3][-]{subsubsection.7.2.3.7}{\376\377\0007\000.\0002\000.\0003\000.\0007\000\040\000g\000e\000t\000S\000h\000a\000d\000e\000r\000P\000r\000o\000g\000r\000a\000m\000H\000a\000n\000d\000l\000e\000\050\000\051}{subsection.7.2.3}% 65
\BOOKMARK [3][-]{subsubsection.7.2.3.8}{\376\377\0007\000.\0002\000.\0003\000.\0008\000\040\000g\000e\000t\000S\000u\000b\000r\000o\000u\000t\000i\000n\000e\000I\000n\000d\000e\000x\000\050\000\051}{subsection.7.2.3}% 66
\BOOKMARK [3][-]{subsubsection.7.2.3.9}{\376\377\0007\000.\0002\000.\0003\000.\0009\000\040\000g\000e\000t\000U\000n\000i\000f\000o\000r\000m\000B\000l\000o\000c\000k\000B\000u\000f\000f\000e\000r\000\050\000\051}{subsection.7.2.3}% 67
\BOOKMARK [3][-]{subsubsection.7.2.3.10}{\376\377\0007\000.\0002\000.\0003\000.\0001\0000\000\040\000g\000e\000t\000U\000n\000i\000f\000o\000r\000m\000B\000l\000o\000c\000k\000I\000n\000d\000e\000x\000\050\000\051}{subsection.7.2.3}% 68
\BOOKMARK [3][-]{subsubsection.7.2.3.11}{\376\377\0007\000.\0002\000.\0003\000.\0001\0001\000\040\000g\000e\000t\000U\000n\000i\000f\000o\000r\000m\000B\000l\000o\000c\000k\000O\000f\000f\000s\000e\000t\000s\000\050\000\051\000\040\000[\0001\000/\0002\000]}{subsection.7.2.3}% 69
\BOOKMARK [3][-]{subsubsection.7.2.3.12}{\376\377\0007\000.\0002\000.\0003\000.\0001\0002\000\040\000g\000e\000t\000U\000n\000i\000f\000o\000r\000m\000B\000l\000o\000c\000k\000O\000f\000f\000s\000e\000t\000s\000\050\000\051\000\040\000[\0002\000/\0002\000]}{subsection.7.2.3}% 70
\BOOKMARK [3][-]{subsubsection.7.2.3.13}{\376\377\0007\000.\0002\000.\0003\000.\0001\0003\000\040\000g\000e\000t\000U\000n\000i\000f\000o\000r\000m\000B\000l\000o\000c\000k\000S\000i\000z\000e\000\050\000\051}{subsection.7.2.3}% 71
\BOOKMARK [3][-]{subsubsection.7.2.3.14}{\376\377\0007\000.\0002\000.\0003\000.\0001\0004\000\040\000g\000e\000t\000U\000n\000i\000f\000o\000r\000m\000L\000o\000c\000a\000t\000i\000o\000n\000\050\000\051}{subsection.7.2.3}% 72
\BOOKMARK [3][-]{subsubsection.7.2.3.15}{\376\377\0007\000.\0002\000.\0003\000.\0001\0005\000\040\000s\000e\000t\000U\000n\000i\000f\000o\000r\000m\000B\000l\000o\000c\000k\000B\000i\000n\000d\000i\000n\000g\000\050\000\051}{subsection.7.2.3}% 73
\BOOKMARK [0][-]{chapter.8}{\376\377\0008\000\040\000F\000i\000l\000e\000\040\000D\000o\000c\000u\000m\000e\000n\000t\000a\000t\000i\000o\000n}{}% 74
\BOOKMARK [1][-]{section.8.1}{\376\377\0008\000.\0001\000\040\000C\000S\000C\000I\0004\0004\0001\000/\000F\000r\000a\000m\000e\000b\000u\000f\000f\000e\000r\000U\000t\000i\000l\000s\0003\000.\000h\000p\000p\000\040\000F\000i\000l\000e\000\040\000R\000e\000f\000e\000r\000e\000n\000c\000e}{chapter.8}% 75
\BOOKMARK [2][-]{subsection.8.1.1}{\376\377\0008\000.\0001\000.\0001\000\040\000D\000e\000t\000a\000i\000l\000e\000d\000\040\000D\000e\000s\000c\000r\000i\000p\000t\000i\000o\000n}{section.8.1}% 76
\BOOKMARK [1][-]{section.8.2}{\376\377\0008\000.\0002\000\040\000C\000S\000C\000I\0004\0004\0001\000/\000m\000o\000d\000e\000l\000L\000o\000a\000d\000e\000r\0003\000.\000h\000p\000p\000\040\000F\000i\000l\000e\000\040\000R\000e\000f\000e\000r\000e\000n\000c\000e}{chapter.8}% 77
\BOOKMARK [2][-]{subsection.8.2.1}{\376\377\0008\000.\0002\000.\0001\000\040\000D\000e\000t\000a\000i\000l\000e\000d\000\040\000D\000e\000s\000c\000r\000i\000p\000t\000i\000o\000n}{section.8.2}% 78
\BOOKMARK [1][-]{section.8.3}{\376\377\0008\000.\0003\000\040\000C\000S\000C\000I\0004\0004\0001\000/\000o\000b\000j\000e\000c\000t\000s\000.\000h\000p\000p\000\040\000F\000i\000l\000e\000\040\000R\000e\000f\000e\000r\000e\000n\000c\000e}{chapter.8}% 79
\BOOKMARK [2][-]{subsection.8.3.1}{\376\377\0008\000.\0003\000.\0001\000\040\000D\000e\000t\000a\000i\000l\000e\000d\000\040\000D\000e\000s\000c\000r\000i\000p\000t\000i\000o\000n}{section.8.3}% 80
\BOOKMARK [1][-]{section.8.4}{\376\377\0008\000.\0004\000\040\000C\000S\000C\000I\0004\0004\0001\000/\000o\000b\000j\000e\000c\000t\000s\0003\000.\000h\000p\000p\000\040\000F\000i\000l\000e\000\040\000R\000e\000f\000e\000r\000e\000n\000c\000e}{chapter.8}% 81
\BOOKMARK [2][-]{subsection.8.4.1}{\376\377\0008\000.\0004\000.\0001\000\040\000D\000e\000t\000a\000i\000l\000e\000d\000\040\000D\000e\000s\000c\000r\000i\000p\000t\000i\000o\000n}{section.8.4}% 82
\BOOKMARK [1][-]{section.8.5}{\376\377\0008\000.\0005\000\040\000C\000S\000C\000I\0004\0004\0001\000/\000O\000p\000e\000n\000G\000L\000U\000t\000i\000l\000s\000.\000h\000p\000p\000\040\000F\000i\000l\000e\000\040\000R\000e\000f\000e\000r\000e\000n\000c\000e}{chapter.8}% 83
\BOOKMARK [2][-]{subsection.8.5.1}{\376\377\0008\000.\0005\000.\0001\000\040\000D\000e\000t\000a\000i\000l\000e\000d\000\040\000D\000e\000s\000c\000r\000i\000p\000t\000i\000o\000n}{section.8.5}% 84
\BOOKMARK [2][-]{subsection.8.5.2}{\376\377\0008\000.\0005\000.\0002\000\040\000F\000u\000n\000c\000t\000i\000o\000n\000\040\000D\000o\000c\000u\000m\000e\000n\000t\000a\000t\000i\000o\000n}{section.8.5}% 85
\BOOKMARK [3][-]{subsubsection.8.5.2.1}{\376\377\0008\000.\0005\000.\0002\000.\0001\000\040\000p\000r\000i\000n\000t\000O\000p\000e\000n\000G\000L\000I\000n\000f\000o\000\050\000\051}{subsection.8.5.2}% 86
\BOOKMARK [1][-]{section.8.6}{\376\377\0008\000.\0006\000\040\000C\000S\000C\000I\0004\0004\0001\000/\000O\000p\000e\000n\000G\000L\000U\000t\000i\000l\000s\0003\000.\000h\000p\000p\000\040\000F\000i\000l\000e\000\040\000R\000e\000f\000e\000r\000e\000n\000c\000e}{chapter.8}% 87
\BOOKMARK [2][-]{subsection.8.6.1}{\376\377\0008\000.\0006\000.\0001\000\040\000D\000e\000t\000a\000i\000l\000e\000d\000\040\000D\000e\000s\000c\000r\000i\000p\000t\000i\000o\000n}{section.8.6}% 88
\BOOKMARK [2][-]{subsection.8.6.2}{\376\377\0008\000.\0006\000.\0002\000\040\000F\000u\000n\000c\000t\000i\000o\000n\000\040\000D\000o\000c\000u\000m\000e\000n\000t\000a\000t\000i\000o\000n}{section.8.6}% 89
\BOOKMARK [3][-]{subsubsection.8.6.2.1}{\376\377\0008\000.\0006\000.\0002\000.\0001\000\040\000p\000r\000i\000n\000t\000O\000p\000e\000n\000G\000L\000I\000n\000f\000o\000\050\000\051}{subsection.8.6.2}% 90
\BOOKMARK [1][-]{section.8.7}{\376\377\0008\000.\0007\000\040\000C\000S\000C\000I\0004\0004\0001\000/\000S\000h\000a\000d\000e\000r\000P\000r\000o\000g\000r\000a\000m\0003\000.\000h\000p\000p\000\040\000F\000i\000l\000e\000\040\000R\000e\000f\000e\000r\000e\000n\000c\000e}{chapter.8}% 91
\BOOKMARK [2][-]{subsection.8.7.1}{\376\377\0008\000.\0007\000.\0001\000\040\000D\000e\000t\000a\000i\000l\000e\000d\000\040\000D\000e\000s\000c\000r\000i\000p\000t\000i\000o\000n}{section.8.7}% 92
\BOOKMARK [1][-]{section.8.8}{\376\377\0008\000.\0008\000\040\000C\000S\000C\000I\0004\0004\0001\000/\000S\000h\000a\000d\000e\000r\000U\000t\000i\000l\000s\0003\000.\000h\000p\000p\000\040\000F\000i\000l\000e\000\040\000R\000e\000f\000e\000r\000e\000n\000c\000e}{chapter.8}% 93
\BOOKMARK [2][-]{subsection.8.8.1}{\376\377\0008\000.\0008\000.\0001\000\040\000D\000e\000t\000a\000i\000l\000e\000d\000\040\000D\000e\000s\000c\000r\000i\000p\000t\000i\000o\000n}{section.8.8}% 94
\BOOKMARK [1][-]{section.8.9}{\376\377\0008\000.\0009\000\040\000C\000S\000C\000I\0004\0004\0001\000/\000t\000e\000a\000p\000o\000t\000.\000h\000p\000p\000\040\000F\000i\000l\000e\000\040\000R\000e\000f\000e\000r\000e\000n\000c\000e}{chapter.8}% 95
\BOOKMARK [2][-]{subsection.8.9.1}{\376\377\0008\000.\0009\000.\0001\000\040\000D\000e\000t\000a\000i\000l\000e\000d\000\040\000D\000e\000s\000c\000r\000i\000p\000t\000i\000o\000n}{section.8.9}% 96
\BOOKMARK [1][-]{section.8.10}{\376\377\0008\000.\0001\0000\000\040\000C\000S\000C\000I\0004\0004\0001\000/\000t\000e\000a\000p\000o\000t\0003\000.\000h\000p\000p\000\040\000F\000i\000l\000e\000\040\000R\000e\000f\000e\000r\000e\000n\000c\000e}{chapter.8}% 97
\BOOKMARK [2][-]{subsection.8.10.1}{\376\377\0008\000.\0001\0000\000.\0001\000\040\000D\000e\000t\000a\000i\000l\000e\000d\000\040\000D\000e\000s\000c\000r\000i\000p\000t\000i\000o\000n}{section.8.10}% 98
\BOOKMARK [1][-]{section.8.11}{\376\377\0008\000.\0001\0001\000\040\000C\000S\000C\000I\0004\0004\0001\000/\000T\000e\000x\000t\000u\000r\000e\000U\000t\000i\000l\000s\000.\000h\000p\000p\000\040\000F\000i\000l\000e\000\040\000R\000e\000f\000e\000r\000e\000n\000c\000e}{chapter.8}% 99
\BOOKMARK [2][-]{subsection.8.11.1}{\376\377\0008\000.\0001\0001\000.\0001\000\040\000D\000e\000t\000a\000i\000l\000e\000d\000\040\000D\000e\000s\000c\000r\000i\000p\000t\000i\000o\000n}{section.8.11}% 100
\BOOKMARK [2][-]{subsection.8.11.2}{\376\377\0008\000.\0001\0001\000.\0002\000\040\000F\000u\000n\000c\000t\000i\000o\000n\000\040\000D\000o\000c\000u\000m\000e\000n\000t\000a\000t\000i\000o\000n}{section.8.11}% 101
\BOOKMARK [3][-]{subsubsection.8.11.2.1}{\376\377\0008\000.\0001\0001\000.\0002\000.\0001\000\040\000l\000o\000a\000d\000A\000n\000d\000R\000e\000g\000i\000s\000t\000e\000r\0002\000D\000T\000e\000x\000t\000u\000r\000e\000\050\000\051}{subsection.8.11.2}% 102
\BOOKMARK [3][-]{subsubsection.8.11.2.2}{\376\377\0008\000.\0001\0001\000.\0002\000.\0002\000\040\000l\000o\000a\000d\000A\000n\000d\000R\000e\000g\000i\000s\000t\000e\000r\000T\000e\000x\000t\000u\000r\000e\000\050\000\051}{subsection.8.11.2}% 103
\BOOKMARK [3][-]{subsubsection.8.11.2.3}{\376\377\0008\000.\0001\0001\000.\0002\000.\0003\000\040\000l\000o\000a\000d\000B\000M\000P\000\050\000\051}{subsection.8.11.2}% 104
\BOOKMARK [3][-]{subsubsection.8.11.2.4}{\376\377\0008\000.\0001\0001\000.\0002\000.\0004\000\040\000l\000o\000a\000d\000P\000P\000M\000\050\000\051}{subsection.8.11.2}% 105
\BOOKMARK [3][-]{subsubsection.8.11.2.5}{\376\377\0008\000.\0001\0001\000.\0002\000.\0005\000\040\000l\000o\000a\000d\000T\000G\000A\000\050\000\051}{subsection.8.11.2}% 106
\BOOKMARK [0][-]{section*.23}{\376\377\000I\000n\000d\000e\000x}{}% 107
